2024-08-30 20:56:59,543 - [31m[1mWARNING: This is a development server. Do not use it in a production deployment. Use a production WSGI server instead.[0m
 * Running on all addresses (0.0.0.0)
 * Running on http://127.0.0.1:5000
 * Running on http://192.168.224.156:5000
2024-08-30 20:56:59,543 - [33mPress CTRL+C to quit[0m
2024-08-30 20:57:05,617 - 192.168.224.156 - - [30/Aug/2024 20:57:05] "GET / HTTP/1.1" 200 -
2024-08-30 20:57:05,626 - 192.168.224.156 - - [30/Aug/2024 20:57:05] "[33mGET /static/styles.css HTTP/1.1[0m" 404 -
2024-08-30 20:57:09,003 - Number of people detected: 1
2024-08-30 20:57:09,010 - 192.168.224.156 - - [30/Aug/2024 20:57:09] "GET /video_feed HTTP/1.1" 200 -
2024-08-30 20:57:09,339 - Number of people detected: 2
2024-08-30 20:57:12,967 - Number of people detected: 1
2024-08-30 20:57:13,197 - Number of people detected: 2
2024-08-30 20:57:13,896 - Number of people detected: 1
2024-08-30 20:57:34,920 - Number of people detected: 2
2024-08-30 20:57:35,418 - Number of people detected: 1
2024-08-30 20:57:35,660 - Number of people detected: 2
2024-08-30 20:57:36,374 - Number of people detected: 3
2024-08-30 20:57:36,846 - Number of people detected: 2
2024-08-30 20:57:38,008 - Number of people detected: 3
2024-08-30 20:57:38,706 - Number of people detected: 2
2024-08-30 20:57:39,191 - Number of people detected: 3
2024-08-30 20:57:41,928 - Number of people detected: 2
2024-08-30 20:57:42,392 - Number of people detected: 3
2024-08-30 20:57:42,625 - Number of people detected: 2
2024-08-30 20:57:42,857 - Number of people detected: 3
2024-08-30 20:57:43,088 - Number of people detected: 1
2024-08-30 20:57:43,329 - Number of people detected: 2
2024-08-30 20:57:44,272 - Number of people detected: 3
2024-08-30 20:57:44,756 - Number of people detected: 2
2024-08-30 20:57:45,235 - Number of people detected: 3
2024-08-30 20:57:45,491 - Number of people detected: 2
2024-08-30 20:57:45,757 - Number of people detected: 3
2024-08-30 20:57:46,242 - Number of people detected: 2
2024-08-30 20:57:47,191 - Number of people detected: 3
2024-08-30 20:57:47,452 - Number of people detected: 2
2024-08-30 20:57:47,714 - Number of people detected: 1
2024-08-30 20:57:48,695 - Number of people detected: 2
2024-08-30 20:57:48,931 - Number of people detected: 1
2024-08-30 20:58:08,199 - [31m[1mWARNING: This is a development server. Do not use it in a production deployment. Use a production WSGI server instead.[0m
 * Running on all addresses (0.0.0.0)
 * Running on http://127.0.0.1:5000
 * Running on http://192.168.224.156:5000
2024-08-30 20:58:08,199 - [33mPress CTRL+C to quit[0m
2024-08-30 20:58:10,970 - 192.168.224.156 - - [30/Aug/2024 20:58:10] "GET / HTTP/1.1" 200 -
2024-08-30 20:58:10,981 - 192.168.224.156 - - [30/Aug/2024 20:58:10] "[33mGET /static/styles.css HTTP/1.1[0m" 404 -
2024-08-30 20:58:14,262 - Number of people detected: 2
2024-08-30 20:58:14,267 - 192.168.224.156 - - [30/Aug/2024 20:58:14] "GET /video_feed HTTP/1.1" 200 -
2024-08-30 20:58:15,626 - Number of people detected: 3
2024-08-30 20:58:15,866 - Number of people detected: 2
2024-08-30 20:58:17,075 - Number of people detected: 1
2024-08-30 20:58:17,312 - Number of people detected: 2
2024-08-30 20:58:17,775 - Number of people detected: 3
2024-08-30 20:58:18,016 - Number of people detected: 1
2024-08-30 20:58:19,647 - Number of people detected: 2
2024-08-30 20:58:20,112 - Number of people detected: 3
2024-08-30 20:58:20,347 - Number of people detected: 2
2024-08-30 20:58:20,578 - Number of people detected: 3
2024-08-30 20:58:20,806 - Number of people detected: 2
2024-08-30 20:58:22,662 - Number of people detected: 3
2024-08-30 20:58:22,892 - Number of people detected: 2
2024-08-30 20:58:23,360 - Number of people detected: 3
2024-08-30 20:58:23,593 - Number of people detected: 2
2024-08-30 20:58:24,054 - Number of people detected: 3
2024-08-30 20:58:24,292 - Number of people detected: 2
2024-08-30 20:58:26,394 - Number of people detected: 3
2024-08-30 20:58:26,626 - Number of people detected: 2
2024-08-30 20:58:27,092 - Number of people detected: 3
2024-08-30 20:58:27,556 - Number of people detected: 2
2024-08-30 20:58:27,789 - Number of people detected: 3
2024-08-30 20:58:28,018 - Number of people detected: 2
2024-08-30 20:58:28,707 - Number of people detected: 3
2024-08-30 20:58:28,939 - Number of people detected: 2
2024-08-30 20:58:29,629 - Number of people detected: 1
2024-08-30 20:58:30,099 - Number of people detected: 2
2024-08-30 20:58:30,565 - Number of people detected: 3
2024-08-30 20:58:30,800 - Number of people detected: 1
2024-08-30 20:58:33,561 - Number of people detected: 2
2024-08-30 20:58:33,787 - Number of people detected: 1
2024-08-30 20:58:34,484 - Number of people detected: 2
2024-08-30 20:58:34,713 - Number of people detected: 3
2024-08-30 20:58:34,949 - Number of people detected: 2
2024-08-30 20:58:35,180 - Number of people detected: 1
2024-08-30 20:58:35,876 - Number of people detected: 2
2024-08-30 20:58:36,117 - Number of people detected: 1
2024-08-30 20:58:37,513 - Number of people detected: 0
2024-08-30 20:58:38,209 - Number of people detected: 1
2024-08-30 20:58:39,832 - Number of people detected: 2
2024-08-30 20:58:41,462 - Number of people detected: 1
2024-08-30 20:58:41,917 - Number of people detected: 2
2024-08-30 20:58:43,306 - Number of people detected: 1
2024-08-30 20:58:43,767 - Number of people detected: 2
2024-08-30 20:58:44,002 - Number of people detected: 1
2024-08-30 20:58:45,865 - Number of people detected: 2
2024-08-30 20:58:46,095 - Number of people detected: 1
2024-08-30 20:58:49,546 - Number of people detected: 2
2024-08-30 20:58:49,809 - Number of people detected: 1
2024-08-30 20:58:52,660 - Number of people detected: 2
2024-08-30 20:58:52,909 - Number of people detected: 1
2024-08-30 20:59:22,602 - Number of people detected: 2
2024-08-30 20:59:23,071 - Number of people detected: 1
2024-08-30 20:59:25,699 - Number of people detected: 2
2024-08-30 20:59:25,932 - Number of people detected: 1
2024-08-30 20:59:28,043 - Number of people detected: 2
2024-08-30 20:59:28,281 - Number of people detected: 1
2024-08-30 20:59:28,517 - Number of people detected: 2
2024-08-30 20:59:28,989 - Number of people detected: 1
2024-08-30 20:59:29,729 - Number of people detected: 2
2024-08-30 20:59:30,929 - Number of people detected: 1
2024-08-30 20:59:31,643 - Number of people detected: 2
2024-08-30 20:59:32,848 - Number of people detected: 1
2024-08-30 20:59:33,823 - Number of people detected: 2
2024-08-30 20:59:34,577 - Number of people detected: 1
2024-08-30 20:59:35,082 - Number of people detected: 2
2024-08-30 20:59:35,351 - Number of people detected: 1
2024-08-30 20:59:35,668 - Number of people detected: 2
2024-08-30 20:59:35,958 - Number of people detected: 1
2024-08-30 20:59:37,143 - Number of people detected: 2
2024-08-30 20:59:37,855 - Number of people detected: 1
2024-08-30 20:59:38,088 - Number of people detected: 2
2024-08-30 20:59:38,319 - Number of people detected: 1
2024-08-30 20:59:38,781 - Number of people detected: 2
2024-08-30 20:59:39,012 - Number of people detected: 1
2024-08-30 20:59:40,685 - Number of people detected: 2
2024-08-30 20:59:40,928 - Number of people detected: 1
2024-08-30 21:00:10,406 - Number of people detected: 2
2024-08-30 21:00:10,641 - Number of people detected: 1
2024-08-30 21:00:12,053 - Number of people detected: 2
2024-08-30 21:00:12,763 - Number of people detected: 1
2024-08-30 21:00:16,186 - Number of people detected: 2
2024-08-30 21:00:16,917 - Number of people detected: 1
2024-08-30 21:00:18,337 - Number of people detected: 2
2024-08-30 21:00:19,055 - Number of people detected: 1
2024-08-30 21:00:19,294 - Number of people detected: 2
2024-08-30 21:00:24,264 - Number of people detected: 3
2024-08-30 21:00:24,525 - Number of people detected: 2
2024-08-30 21:00:24,993 - Number of people detected: 1
2024-08-30 21:00:26,159 - Number of people detected: 2
2024-08-30 21:00:26,392 - Number of people detected: 1
2024-08-30 21:00:26,867 - Number of people detected: 2
2024-08-30 21:00:27,101 - Number of people detected: 1
2024-08-30 21:00:29,198 - Number of people detected: 2
2024-08-30 21:00:30,133 - Number of people detected: 1
2024-08-30 21:00:30,366 - Number of people detected: 2
2024-08-30 21:00:30,840 - Number of people detected: 1
2024-08-30 21:00:31,074 - Number of people detected: 2
2024-08-30 21:00:31,781 - Number of people detected: 1
2024-08-30 21:00:34,594 - Number of people detected: 2
2024-08-30 21:00:34,825 - Number of people detected: 1
2024-08-30 21:00:35,063 - Number of people detected: 2
2024-08-30 21:00:35,306 - Number of people detected: 1
2024-08-30 21:00:35,537 - Number of people detected: 2
2024-08-30 21:00:35,775 - Number of people detected: 1
2024-08-30 21:00:36,485 - Number of people detected: 2
2024-08-30 21:00:36,718 - Number of people detected: 1
2024-08-30 21:00:36,953 - Number of people detected: 2
2024-08-30 21:00:37,186 - Number of people detected: 1
2024-08-30 21:00:38,126 - Number of people detected: 2
2024-08-30 21:00:38,604 - Number of people detected: 1
2024-08-30 21:00:38,841 - Number of people detected: 2
2024-08-30 21:00:39,080 - Number of people detected: 1
2024-08-30 21:00:45,938 - Number of people detected: 2
2024-08-30 21:00:46,637 - Number of people detected: 1
2024-08-30 21:00:46,878 - Number of people detected: 2
2024-08-30 21:00:47,584 - Number of people detected: 1
2024-08-30 21:00:48,051 - Number of people detected: 2
2024-08-30 21:00:48,286 - Number of people detected: 1
2024-08-30 21:00:48,525 - Number of people detected: 2
2024-08-30 21:00:48,758 - Number of people detected: 1
2024-08-30 21:00:48,990 - Number of people detected: 2
2024-08-30 21:00:49,235 - Number of people detected: 1
2024-08-30 21:00:49,723 - Number of people detected: 2
2024-08-30 21:00:49,958 - Number of people detected: 1
2024-08-30 21:00:50,662 - Number of people detected: 2
2024-08-30 21:00:50,895 - Number of people detected: 1
2024-08-30 21:00:52,064 - Number of people detected: 2
2024-08-30 21:00:52,526 - Number of people detected: 1
2024-08-30 21:00:52,756 - Number of people detected: 2
2024-08-30 21:00:53,213 - Number of people detected: 1
2024-08-30 21:00:53,685 - Number of people detected: 2
2024-08-30 21:00:53,921 - Number of people detected: 1
2024-08-30 21:00:54,622 - Number of people detected: 2
2024-08-30 21:00:55,088 - Number of people detected: 1
2024-08-30 21:01:03,570 - Number of people detected: 2
2024-08-30 21:01:04,044 - Number of people detected: 1
2024-08-30 21:01:04,981 - Number of people detected: 2
2024-08-30 21:01:05,462 - Number of people detected: 1
2024-08-30 21:01:05,702 - Number of people detected: 2
2024-08-30 21:01:06,878 - Number of people detected: 1
2024-08-30 21:01:10,380 - Number of people detected: 2
2024-08-30 21:01:11,790 - Number of people detected: 1
2024-08-30 21:01:12,268 - Number of people detected: 2
2024-08-30 21:01:12,504 - Number of people detected: 1
2024-08-30 21:01:14,626 - Number of people detected: 2
2024-08-30 21:01:18,228 - Number of people detected: 1
2024-08-30 21:01:18,933 - Number of people detected: 0
2024-08-30 21:01:19,167 - Number of people detected: 1
2024-08-30 21:01:19,399 - Number of people detected: 0
2024-08-30 21:01:19,636 - Number of people detected: 1
2024-08-30 21:01:20,357 - Number of people detected: 2
2024-08-30 21:01:21,096 - Number of people detected: 1
2024-08-30 21:01:21,574 - Number of people detected: 3
2024-08-30 21:01:21,819 - Number of people detected: 1
2024-08-30 21:01:22,065 - Number of people detected: 2
2024-08-30 21:01:22,300 - Number of people detected: 1
2024-08-30 21:01:22,534 - Number of people detected: 2
2024-08-30 21:01:22,777 - Number of people detected: 1
2024-08-30 21:01:23,265 - Number of people detected: 2
2024-08-30 21:01:27,079 - Number of people detected: 3
2024-08-30 21:01:27,316 - Number of people detected: 2
2024-08-30 21:01:49,389 - Number of people detected: 1
2024-08-30 21:01:49,635 - Number of people detected: 2
2024-08-30 21:01:50,869 - Number of people detected: 3
2024-08-30 21:01:51,348 - Number of people detected: 1
2024-08-30 21:01:51,592 - Number of people detected: 2
2024-08-30 21:01:53,279 - Number of people detected: 3
2024-08-30 21:01:53,515 - Number of people detected: 2
2024-08-30 21:01:54,690 - Number of people detected: 1
2024-08-30 21:01:55,630 - Number of people detected: 2
2024-08-30 21:01:55,867 - Number of people detected: 1
2024-08-30 21:01:56,101 - Number of people detected: 2
2024-08-30 21:02:00,369 - Number of people detected: 3
2024-08-30 21:02:00,603 - Number of people detected: 2
2024-08-30 21:02:00,833 - Number of people detected: 3
2024-08-30 21:02:01,072 - Number of people detected: 2
2024-08-30 21:02:02,015 - Number of people detected: 3
2024-08-30 21:02:02,256 - Number of people detected: 2
2024-08-30 21:02:02,502 - Number of people detected: 3
2024-08-30 21:02:02,735 - Number of people detected: 2
2024-08-30 21:02:03,433 - Number of people detected: 3
2024-08-30 21:02:03,671 - Number of people detected: 2
2024-08-30 21:02:03,912 - Number of people detected: 3
2024-08-30 21:02:04,158 - Number of people detected: 2
2024-08-30 21:02:04,880 - Number of people detected: 3
2024-08-30 21:02:05,115 - Number of people detected: 2
2024-08-30 21:02:05,583 - Number of people detected: 3
2024-08-30 21:02:05,814 - Number of people detected: 2
2024-08-30 21:02:06,047 - Number of people detected: 3
2024-08-30 21:02:06,285 - Number of people detected: 2
2024-08-30 21:02:07,931 - Number of people detected: 3
2024-08-30 21:02:08,163 - Number of people detected: 2
2024-08-30 21:02:08,871 - Number of people detected: 3
2024-08-30 21:02:09,103 - Number of people detected: 2
2024-08-30 21:02:10,293 - Number of people detected: 3
2024-08-30 21:02:10,535 - Number of people detected: 2
2024-08-30 21:02:11,949 - Number of people detected: 3
2024-08-30 21:02:12,189 - Number of people detected: 2
2024-08-30 21:02:12,902 - Number of people detected: 3
2024-08-30 21:02:13,134 - Number of people detected: 2
2024-08-30 21:02:16,813 - Number of people detected: 3
2024-08-30 21:02:17,062 - Number of people detected: 2
2024-08-30 21:02:17,302 - Number of people detected: 3
2024-08-30 21:02:18,019 - Number of people detected: 2
2024-08-30 21:02:18,494 - Number of people detected: 3
2024-08-30 21:02:18,728 - Number of people detected: 2
2024-08-30 21:02:19,433 - Number of people detected: 3
2024-08-30 21:02:19,667 - Number of people detected: 2
2024-08-30 21:02:20,385 - Number of people detected: 3
2024-08-30 21:02:20,627 - Number of people detected: 2
2024-08-30 21:02:21,563 - Number of people detected: 3
2024-08-30 21:02:22,029 - Number of people detected: 2
2024-08-30 21:02:22,272 - Number of people detected: 3
2024-08-30 21:02:22,742 - Number of people detected: 2
2024-08-30 21:02:23,678 - Number of people detected: 3
2024-08-30 21:02:25,104 - Number of people detected: 2
2024-08-30 21:02:25,343 - Number of people detected: 3
2024-08-30 21:02:26,046 - Number of people detected: 1
2024-08-30 21:02:26,288 - Number of people detected: 2
2024-08-30 21:02:26,529 - Number of people detected: 3
2024-08-30 21:02:28,427 - Number of people detected: 2
2024-08-30 21:02:29,138 - Number of people detected: 1
2024-08-30 21:02:29,366 - Number of people detected: 2
2024-08-30 21:02:29,602 - Number of people detected: 1
2024-08-30 21:02:30,086 - Number of people detected: 2
2024-08-30 21:02:30,792 - Number of people detected: 1
2024-08-30 21:02:31,501 - Number of people detected: 2
2024-08-30 21:02:31,734 - Number of people detected: 1
2024-08-30 21:02:32,430 - Number of people detected: 2
2024-08-30 21:02:32,669 - Number of people detected: 1
2024-08-30 21:02:33,367 - Number of people detected: 2
2024-08-30 21:02:33,845 - Number of people detected: 1
2024-08-30 21:02:34,085 - Number of people detected: 2
2024-08-30 21:02:34,800 - Number of people detected: 1
2024-08-30 21:02:36,438 - Number of people detected: 2
2024-08-30 21:02:36,902 - Number of people detected: 1
2024-08-30 21:02:37,850 - Number of people detected: 2
2024-08-30 21:02:38,551 - Number of people detected: 1
2024-08-30 21:02:39,985 - Number of people detected: 2
2024-08-30 21:02:40,219 - Number of people detected: 1
2024-08-30 21:02:40,496 - Number of people detected: 2
2024-08-30 21:02:41,475 - Number of people detected: 1
2024-08-30 21:02:41,719 - Number of people detected: 2
2024-08-30 21:02:42,928 - Number of people detected: 1
2024-08-30 21:02:43,641 - Number of people detected: 2
2024-08-30 21:02:43,896 - Number of people detected: 1
2024-08-30 21:02:44,161 - Number of people detected: 2
2024-08-30 21:02:44,435 - Number of people detected: 1
2024-08-30 21:02:44,704 - Number of people detected: 2
2024-08-30 21:02:47,251 - Number of people detected: 1
2024-08-30 21:02:57,019 - Number of people detected: 2
2024-08-30 21:02:57,507 - Number of people detected: 1
2024-08-30 21:02:57,757 - Number of people detected: 2
2024-08-30 21:02:58,003 - Number of people detected: 1
2024-08-30 21:02:59,868 - Number of people detected: 2
2024-08-30 21:03:00,180 - Number of people detected: 1
2024-08-30 21:03:00,741 - Number of people detected: 2
2024-08-30 21:03:01,035 - Number of people detected: 1
2024-08-30 21:03:01,531 - Number of people detected: 2
2024-08-30 21:03:03,906 - Number of people detected: 1
2024-08-30 21:03:04,183 - Number of people detected: 2
2024-08-30 21:03:04,459 - Number of people detected: 1
2024-08-30 21:03:08,017 - Number of people detected: 2
2024-08-30 21:03:08,259 - Number of people detected: 1
2024-08-30 21:03:12,515 - Number of people detected: 2
2024-08-30 21:03:12,767 - Number of people detected: 1
2024-08-30 21:03:14,498 - Number of people detected: 2
2024-08-30 21:03:14,748 - Number of people detected: 1
2024-08-30 21:03:14,998 - Number of people detected: 2
2024-08-30 21:03:15,749 - Number of people detected: 1
